[2024-07-14 14:33:28.425981] [INFO] Initializing screen size [ (1000, 600) ]
[2024-07-14 14:33:28.426481] [INFO] Creating Engine Folder
[2024-07-14 14:33:28.426982] [INFO] Loading Icon: logo.png
[2024-07-14 14:33:28.431991] [INFO] Loading Image: menu_backround
[2024-07-14 14:33:28.502126] [INFO] Loading Image: wood_button
[2024-07-14 14:33:28.503638] [INFO] Loading Image: wood_button
[2024-07-14 14:33:28.504643] [INFO] Loading Image: wood_button
[2024-07-14 14:33:28.505650] [INFO] Loading Image: wood_button
[2024-07-14 14:33:28.506650] [INFO] Loading Image: wood_button
[2024-07-14 14:33:28.507148] [INFO] Loading Image: map
[2024-07-14 14:33:28.515161] [INFO] Loading Image: heart
[2024-07-14 14:33:28.515161] [INFO] Loading Image: skull
[2024-07-14 14:33:28.516164] [INFO] Loading Image: coin
[2024-07-14 14:33:28.516668] [INFO] Loading Animation Frames: ['missle_0', 'missle_1', 'missle_2', 'missle_3', 'missle_4', 'missle_5', 'missle_open']
[2024-07-14 14:33:28.529181] [INFO] Playeing Random song [ song1 ]
[2024-07-14 14:33:45.111722] [INFO] Loading Image: turret_base
[2024-07-14 14:33:45.112222] [INFO] Loading Image: turret_top_0
[2024-07-14 14:33:45.631913] [INFO] Loading Image: turret_top_1
[2024-07-14 14:33:45.632413] [INFO] Loading Image: turret_top_1
[2024-07-14 14:34:32.767879] [INFO] Loading Image: turret_base
[2024-07-14 14:34:32.768389] [INFO] Loading Image: turret_top_0
[2024-07-14 14:34:37.668941] [INFO] Loading Animation Frames: ['missle_0', 'missle_1', 'missle_2', 'missle_3', 'missle_4', 'missle_5', 'missle_open']
[2024-07-14 14:35:04.405214] [INFO] Loading Animation Frames: ['missle_0', 'missle_1', 'missle_2', 'missle_3', 'missle_4', 'missle_5', 'missle_open']
[2024-07-14 14:35:46.436177] [INFO] Playeing Random song [ song1 ]
[2024-07-14 14:38:04.340034] [INFO] Playeing Random song [ song1 ]
